<?xml version="1.0" encoding="UTF-8"?>
<testng-results ignored="0" total="1" passed="1" failed="0" skipped="0">
  <reporter-output>
  </reporter-output>
  <suite started-at="2024-10-18T17:46:46 EDT" name="Default suite" finished-at="2024-10-18T17:46:54 EDT" duration-ms="8619">
    <groups>
    </groups>
    <test started-at="2024-10-18T17:46:46 EDT" name="Default test" finished-at="2024-10-18T17:46:54 EDT" duration-ms="8619">
      <class name="APITest.APITest.AppTest">
        <test-method is-config="true" signature="clearWriteFile()[pri:0, instance:APITest.APITest.AppTest@8dbdac1]" started-at="2024-10-18T17:46:46 EDT" name="clearWriteFile" finished-at="2024-10-18T17:46:46 EDT" duration-ms="11" status="PASS">
          <reporter-output>
          </reporter-output>
        </test-method> <!-- clearWriteFile -->
        <test-method signature="requestBody()[pri:0, instance:APITest.APITest.AppTest@8dbdac1]" started-at="2024-10-18T17:46:46 EDT" name="requestBody" finished-at="2024-10-18T17:46:54 EDT" duration-ms="8573" status="PASS">
          <reporter-output>
          </reporter-output>
        </test-method> <!-- requestBody -->
      </class> <!-- APITest.APITest.AppTest -->
    </test> <!-- Default test -->
  </suite> <!-- Default suite -->
</testng-results>
